
> studyreels-frontend@0.1.0 dev
> next dev --hostname 0.0.0.0 --port 3001

   ▲ Next.js 15.2.0
   - Local:        http://localhost:3001
   - Network:      http://0.0.0.0:3001
   - Environments: .env.local

 ✓ Starting...
 ✓ Ready in 1221ms
 ○ Compiling /feed ...
 ✓ Compiled /feed in 1991ms (736 modules)
 HEAD / 200 in 2190ms
 HEAD /feed?material_id=test 200 in 2215ms
 ✓ Compiled in 287ms (358 modules)
 GET / 200 in 34ms
 ✓ Compiled in 324ms (712 modules)
 ✓ Compiled /feed in 48ms (360 modules)
 HEAD / 200 in 166ms
 HEAD /feed?material_id=test 200 in 196ms
 GET / 200 in 81ms
 GET / 200 in 29ms
 GET /feed?material_id=f1a5221e-8190-4116-8014-92f07773d69b 200 in 8ms
 GET / 200 in 17ms
 GET / 200 in 30ms
 GET / 200 in 22ms
 GET / 200 in 26ms
 GET / 200 in 23ms
 GET / 200 in 22ms
 GET / 200 in 19ms
 GET / 200 in 20ms
 GET / 200 in 19ms
 GET / 200 in 22ms
 GET / 200 in 22ms
 GET / 200 in 22ms
 GET / 200 in 21ms
 GET / 200 in 22ms
 GET / 200 in 21ms
 GET / 200 in 21ms
 ✓ Compiled in 491ms (718 modules)
 HEAD / 200 in 115ms
 GET / 200 in 57ms
 GET / 200 in 28ms
 ✓ Compiled in 328ms (718 modules)
 GET / 200 in 41ms
 HEAD / 200 in 37ms
 ✓ Compiled in 516ms (718 modules)
 GET / 200 in 55ms
 HEAD / 200 in 56ms
 ✓ Compiled in 163ms (718 modules)
 GET / 200 in 44ms
 ✓ Compiled in 254ms (718 modules)
 GET / 200 in 23ms
 ✓ Compiled in 214ms (718 modules)
 GET / 200 in 37ms
 ✓ Compiled in 190ms (718 modules)
 GET / 200 in 30ms
 GET /feed?material_id=368bc823-1f8a-4321-966c-383105acb3b1 200 in 40ms
 GET / 200 in 9ms
 ✓ Compiled in 590ms (718 modules)
 GET / 200 in 151ms
 GET /feed?material_id=f1a5221e-8190-4116-8014-92f07773d69b 200 in 11ms
 GET / 200 in 7ms
 GET /feed?material_id=368bc823-1f8a-4321-966c-383105acb3b1 200 in 12ms
